<?xml version="1.0" encoding="UTF-8"?>
<!-- Generated by org.testng.reporters.JUnitReportReporter -->
<testsuite hostname="BDC11-L-FRH4PV2" failures="0" tests="1" name="com.flipkart.test.functional.TestLoginSC_01" time="25.353" errors="0" timestamp="2022-05-15T10:31:05 IST" skipped="0">
  <testcase classname="com.flipkart.test.functional.TestLoginSC_01" name="Navigate_to_Orderspage" time="25.353"/>
  <system-out/>
</testsuite> <!-- com.flipkart.test.functional.TestLoginSC_01 -->
