<?xml version="1.0" encoding="UTF-8"?>
<!-- Generated by org.testng.reporters.JUnitReportReporter -->
<testsuite hostname="BDC11-L-FRH4PV2" failures="0" tests="5" name="com.flipkart.test.functional.TestLoginSC_01" time="72.681" errors="0" timestamp="2022-05-15T11:18:46 IST" skipped="0">
  <testcase classname="com.flipkart.test.functional.TestLoginSC_01" name="TC1_Login" time="9.329"/>
  <system-out/>
  <testcase classname="com.flipkart.test.functional.TestLoginSC_01" name="TC2_Login" time="7.071"/>
  <system-out/>
  <testcase classname="com.flipkart.test.functional.TestLoginSC_01" name="TC5_Navigate_to_Orderspage" time="12.995"/>
  <system-out/>
  <testcase classname="com.flipkart.test.functional.TestLoginSC_01" name="TC4_Remove_product_from_cart" time="26.030"/>
  <system-out/>
  <testcase classname="com.flipkart.test.functional.TestLoginSC_01" name="TC3_Addtocart" time="17.256"/>
  <system-out/>
</testsuite> <!-- com.flipkart.test.functional.TestLoginSC_01 -->
