<?xml version="1.0" encoding="UTF-8"?>
<!-- Generated by org.testng.reporters.JUnitReportReporter -->
<testsuite hostname="BDC11-L-FRH4PV2" failures="0" tests="5" name="com.flipkart.test.functional.TestLoginSC_01" time="100.375" errors="0" timestamp="2022-05-15T10:44:18 IST" skipped="0">
  <testcase classname="com.flipkart.test.functional.TestLoginSC_01" name="TC4_Remove_product_from_cart" time="24.313"/>
  <system-out/>
  <testcase classname="com.flipkart.test.functional.TestLoginSC_01" name="TC5_Navigate_to_Orderspage" time="11.171"/>
  <system-out/>
  <testcase classname="com.flipkart.test.functional.TestLoginSC_01" name="TC1_Login" time="8.062"/>
  <system-out/>
  <testcase classname="com.flipkart.test.functional.TestLoginSC_01" name="TC3_Addtocart" time="50.927"/>
  <system-out/>
  <testcase classname="com.flipkart.test.functional.TestLoginSC_01" name="TC2_Login" time="5.902"/>
  <system-out/>
</testsuite> <!-- com.flipkart.test.functional.TestLoginSC_01 -->
