<?xml version="1.0" encoding="UTF-8"?>
<!-- Generated by org.testng.reporters.JUnitReportReporter -->
<testsuite hostname="BDC11-L-FRH4PV2" failures="0" tests="5" name="com.flipkart.test.functional.TestLoginSC_01" time="77.490" errors="0" timestamp="2022-05-16T04:05:25 IST" skipped="0">
  <testcase classname="com.flipkart.test.functional.TestLoginSC_01" name="TC4_Remove_product_from_cart" time="24.129"/>
  <system-out/>
  <testcase classname="com.flipkart.test.functional.TestLoginSC_01" name="TC5_Navigate_to_Orderspage" time="20.059"/>
  <system-out/>
  <testcase classname="com.flipkart.test.functional.TestLoginSC_01" name="TC2_Login" time="6.152"/>
  <system-out/>
  <testcase classname="com.flipkart.test.functional.TestLoginSC_01" name="TC1_Login" time="8.741"/>
  <system-out/>
  <testcase classname="com.flipkart.test.functional.TestLoginSC_01" name="TC3_Addtocart" time="18.409"/>
  <system-out/>
</testsuite> <!-- com.flipkart.test.functional.TestLoginSC_01 -->
