<?xml version="1.0" encoding="UTF-8"?>
<!-- Generated by org.testng.reporters.JUnitReportReporter -->
<testsuite hostname="BDC11-L-FRH4PV2" failures="0" tests="1" name="com.flipkart.test.functional.TestLoginSC_01" time="28.231" errors="0" timestamp="2022-05-15T11:16:45 IST" skipped="0">
  <testcase classname="com.flipkart.test.functional.TestLoginSC_01" name="TC4_Remove_product_from_cart" time="28.231"/>
  <system-out/>
</testsuite> <!-- com.flipkart.test.functional.TestLoginSC_01 -->
