<?xml version="1.0" encoding="UTF-8"?>
<!-- Generated by org.testng.reporters.JUnitReportReporter -->
<testsuite hostname="BDC11-L-FRH4PV2" failures="0" tests="5" name="com.flipkart.test.functional.TestLoginSC_01" time="69.314" errors="0" timestamp="2022-05-15T10:57:17 IST" skipped="0">
  <testcase classname="com.flipkart.test.functional.TestLoginSC_01" name="TC1_Login" time="8.356"/>
  <system-out/>
  <testcase classname="com.flipkart.test.functional.TestLoginSC_01" name="TC2_Login" time="7.261"/>
  <system-out/>
  <testcase classname="com.flipkart.test.functional.TestLoginSC_01" name="TC3_Addtocart" time="15.566"/>
  <system-out/>
  <testcase classname="com.flipkart.test.functional.TestLoginSC_01" name="TC4_Remove_product_from_cart" time="23.471"/>
  <system-out/>
  <testcase classname="com.flipkart.test.functional.TestLoginSC_01" name="TC5_Navigate_to_Orderspage" time="14.660"/>
  <system-out/>
</testsuite> <!-- com.flipkart.test.functional.TestLoginSC_01 -->
